18 мая 2022 - 05:39:51.594 - com.company.YouTubeApplication -  INFO  - Starting YouTubeApplication using Java 18 on Acer with PID 13844 (D:\Bootcamp kurs\Java\100 dars\You_Tube\target\classes started by IQBOLJON in D:\Bootcamp kurs\Java\100 dars\You_Tube)
18 мая 2022 - 05:39:51.612 - com.company.YouTubeApplication -  DEBUG - Running with Spring Boot v2.6.7, Spring v5.3.19
18 мая 2022 - 05:39:51.619 - com.company.YouTubeApplication -  INFO  - The following 1 profile is active: "dev"
18 мая 2022 - 05:39:56.000 - o.s.d.r.c.RepositoryConfigurationDelegate -  INFO  - Bootstrapping Spring Data JPA repositories in DEFAULT mode.
18 мая 2022 - 05:39:56.184 - o.s.d.r.c.RepositoryConfigurationDelegate -  INFO  - Finished Spring Data repository scanning in 168 ms. Found 7 JPA repository interfaces.
18 мая 2022 - 05:39:58.081 - o.s.b.w.e.tomcat.TomcatWebServer -  INFO  - Tomcat initialized with port(s): 8080 (http)
18 мая 2022 - 05:39:58.101 - o.a.catalina.core.StandardService -  INFO  - Starting service [Tomcat]
18 мая 2022 - 05:39:58.101 - o.a.catalina.core.StandardEngine -  INFO  - Starting Servlet engine: [Apache Tomcat/9.0.62]
18 мая 2022 - 05:39:58.399 - o.a.c.c.C.[Tomcat].[localhost].[/] -  INFO  - Initializing Spring embedded WebApplicationContext
18 мая 2022 - 05:39:58.399 - o.s.b.w.s.c.ServletWebServerApplicationContext -  INFO  - Root WebApplicationContext: initialization completed in 6654 ms
18 мая 2022 - 05:39:58.669 - o.h.jpa.internal.util.LogHelper -  INFO  - HHH000204: Processing PersistenceUnitInfo [name: default]
18 мая 2022 - 05:39:58.752 - org.hibernate.Version -  INFO  - HHH000412: Hibernate ORM core version 5.6.8.Final
18 мая 2022 - 05:39:59.013 - o.h.annotations.common.Version -  INFO  - HCANN000001: Hibernate Commons Annotations {5.1.2.Final}
18 мая 2022 - 05:39:59.196 - com.zaxxer.hikari.HikariDataSource -  INFO  - HikariPool-1 - Starting...
18 мая 2022 - 05:39:59.491 - com.zaxxer.hikari.HikariDataSource -  INFO  - HikariPool-1 - Start completed.
18 мая 2022 - 05:39:59.552 - org.hibernate.dialect.Dialect -  INFO  - HHH000400: Using dialect: org.hibernate.dialect.PostgreSQL10Dialect
18 мая 2022 - 05:39:59.612 - Hibernate Types -  INFO  - This framework is proudly powered by:

>>>>>>>>>>>>>>>>>>>>>>>>>>>>>>>>>>>>>>>>>>>>>>>>>>>>>>>>>>>>>>>>
 _    _                           _     _
| |  | |                         (_)   | |
| |__| |_   _ _ __   ___ _ __ ___ _ ___| |_ ___ _ __   ___ ___
|  __  | | | | '_ \ / _ \ '__/ __| / __| __/ _ \ '_ \ / __/ _ \
| |  | | |_| | |_) |  __/ |  \__ \ \__ \ ||  __/ | | | (_|  __/
|_|  |_|\__, | .__/ \___|_|  |___/_|___/\__\___|_| |_|\___\___|
         __/ | |
        |___/|_|

At Hypersistence, we only build amazing tools, like Hibernate Types, Flexy Pool, or Hypersistence Optimizer.

What if there were a tool that could automatically detect JPA and Hibernate performance issues?

Hypersistence Optimizer is that tool! For more details, go to: 

https://vladmihalcea.com/hypersistence-optimizer/
<<<<<<<<<<<<<<<<<<<<<<<<<<<<<<<<<<<<<<<<<<<<<<<<<<<<<<<<<<<<<<<<

18 мая 2022 - 05:40:02.126 - o.s.o.j.LocalContainerEntityManagerFactoryBean -  ERROR - Failed to initialize JPA EntityManagerFactory: [PersistenceUnit: default] Unable to build Hibernate SessionFactory; nested exception is org.hibernate.MappingException: Repeated column in mapping for entity: com.company.entity.PlaylistEntity column: channel_id (should be mapped with insert="false" update="false")
18 мая 2022 - 05:40:02.141 - o.s.b.w.s.c.AnnotationConfigServletWebServerApplicationContext -  WARN  - Exception encountered during context initialization - cancelling refresh attempt: org.springframework.beans.factory.BeanCreationException: Error creating bean with name 'entityManagerFactory' defined in class path resource [org/springframework/boot/autoconfigure/orm/jpa/HibernateJpaConfiguration.class]: Invocation of init method failed; nested exception is javax.persistence.PersistenceException: [PersistenceUnit: default] Unable to build Hibernate SessionFactory; nested exception is org.hibernate.MappingException: Repeated column in mapping for entity: com.company.entity.PlaylistEntity column: channel_id (should be mapped with insert="false" update="false")
18 мая 2022 - 05:40:02.141 - com.zaxxer.hikari.HikariDataSource -  INFO  - HikariPool-1 - Shutdown initiated...
18 мая 2022 - 05:40:02.192 - com.zaxxer.hikari.HikariDataSource -  INFO  - HikariPool-1 - Shutdown completed.
18 мая 2022 - 05:40:02.196 - o.a.catalina.core.StandardService -  INFO  - Stopping service [Tomcat]
18 мая 2022 - 05:40:02.408 - o.s.b.a.l.ConditionEvaluationReportLoggingListener -  INFO  - 

Error starting ApplicationContext. To display the conditions report re-run your application with 'debug' enabled.
18 мая 2022 - 05:40:02.516 - o.s.boot.SpringApplication -  ERROR - Application run failed
org.springframework.beans.factory.BeanCreationException: Error creating bean with name 'entityManagerFactory' defined in class path resource [org/springframework/boot/autoconfigure/orm/jpa/HibernateJpaConfiguration.class]: Invocation of init method failed; nested exception is javax.persistence.PersistenceException: [PersistenceUnit: default] Unable to build Hibernate SessionFactory; nested exception is org.hibernate.MappingException: Repeated column in mapping for entity: com.company.entity.PlaylistEntity column: channel_id (should be mapped with insert="false" update="false")
	at org.springframework.beans.factory.support.AbstractAutowireCapableBeanFactory.initializeBean(AbstractAutowireCapableBeanFactory.java:1804)
	at org.springframework.beans.factory.support.AbstractAutowireCapableBeanFactory.doCreateBean(AbstractAutowireCapableBeanFactory.java:620)
	at org.springframework.beans.factory.support.AbstractAutowireCapableBeanFactory.createBean(AbstractAutowireCapableBeanFactory.java:542)
	at org.springframework.beans.factory.support.AbstractBeanFactory.lambda$doGetBean$0(AbstractBeanFactory.java:335)
	at org.springframework.beans.factory.support.DefaultSingletonBeanRegistry.getSingleton(DefaultSingletonBeanRegistry.java:234)
	at org.springframework.beans.factory.support.AbstractBeanFactory.doGetBean(AbstractBeanFactory.java:333)
	at org.springframework.beans.factory.support.AbstractBeanFactory.getBean(AbstractBeanFactory.java:208)
	at org.springframework.context.support.AbstractApplicationContext.getBean(AbstractApplicationContext.java:1154)
	at org.springframework.context.support.AbstractApplicationContext.finishBeanFactoryInitialization(AbstractApplicationContext.java:908)
	at org.springframework.context.support.AbstractApplicationContext.refresh(AbstractApplicationContext.java:583)
	at org.springframework.boot.web.servlet.context.ServletWebServerApplicationContext.refresh(ServletWebServerApplicationContext.java:145)
	at org.springframework.boot.SpringApplication.refresh(SpringApplication.java:740)
	at org.springframework.boot.SpringApplication.refreshContext(SpringApplication.java:415)
	at org.springframework.boot.SpringApplication.run(SpringApplication.java:303)
	at org.springframework.boot.SpringApplication.run(SpringApplication.java:1312)
	at org.springframework.boot.SpringApplication.run(SpringApplication.java:1301)
	at com.company.YouTubeApplication.main(YouTubeApplication.java:10)
Caused by: javax.persistence.PersistenceException: [PersistenceUnit: default] Unable to build Hibernate SessionFactory; nested exception is org.hibernate.MappingException: Repeated column in mapping for entity: com.company.entity.PlaylistEntity column: channel_id (should be mapped with insert="false" update="false")
	at org.springframework.orm.jpa.AbstractEntityManagerFactoryBean.buildNativeEntityManagerFactory(AbstractEntityManagerFactoryBean.java:421)
	at org.springframework.orm.jpa.AbstractEntityManagerFactoryBean.afterPropertiesSet(AbstractEntityManagerFactoryBean.java:396)
	at org.springframework.orm.jpa.LocalContainerEntityManagerFactoryBean.afterPropertiesSet(LocalContainerEntityManagerFactoryBean.java:341)
	at org.springframework.beans.factory.support.AbstractAutowireCapableBeanFactory.invokeInitMethods(AbstractAutowireCapableBeanFactory.java:1863)
	at org.springframework.beans.factory.support.AbstractAutowireCapableBeanFactory.initializeBean(AbstractAutowireCapableBeanFactory.java:1800)
	... 16 common frames omitted
Caused by: org.hibernate.MappingException: Repeated column in mapping for entity: com.company.entity.PlaylistEntity column: channel_id (should be mapped with insert="false" update="false")
	at org.hibernate.mapping.PersistentClass.checkColumnDuplication(PersistentClass.java:895)
	at org.hibernate.mapping.PersistentClass.checkPropertyColumnDuplication(PersistentClass.java:913)
	at org.hibernate.mapping.PersistentClass.checkColumnDuplication(PersistentClass.java:935)
	at org.hibernate.mapping.PersistentClass.validate(PersistentClass.java:637)
	at org.hibernate.mapping.RootClass.validate(RootClass.java:267)
	at org.hibernate.boot.internal.MetadataImpl.validate(MetadataImpl.java:359)
	at org.hibernate.internal.SessionFactoryImpl.<init>(SessionFactoryImpl.java:314)
	at org.hibernate.boot.internal.SessionFactoryBuilderImpl.build(SessionFactoryBuilderImpl.java:471)
	at org.hibernate.jpa.boot.internal.EntityManagerFactoryBuilderImpl.build(EntityManagerFactoryBuilderImpl.java:1498)
	at org.springframework.orm.jpa.vendor.SpringHibernateJpaPersistenceProvider.createContainerEntityManagerFactory(SpringHibernateJpaPersistenceProvider.java:58)
	at org.springframework.orm.jpa.LocalContainerEntityManagerFactoryBean.createNativeEntityManagerFactory(LocalContainerEntityManagerFactoryBean.java:365)
	at org.springframework.orm.jpa.AbstractEntityManagerFactoryBean.buildNativeEntityManagerFactory(AbstractEntityManagerFactoryBean.java:409)
	... 20 common frames omitted
